[backblue.gif]
[fade.gif]
[index.html]
[bootstrap-ecommerce.com/templates/alistyle-html/images/favicon.ico]
[bootstrap-ecommerce.com/templates/alistyle-html/css/bootstrap3661.css]
[bootstrap-ecommerce.com/templates/alistyle-html/fonts/fontawesome/css/all.min.css]
[bootstrap-ecommerce.com/templates/alistyle-html/css/ui3661.css]
[bootstrap-ecommerce.com/templates/alistyle-html/css/responsive3661.css]
[bootstrap-ecommerce.com/templates/alistyle-html/js/jquery-2.0.0.min.js]
[bootstrap-ecommerce.com/templates/alistyle-html/js/script3661.js]
[bootstrap-ecommerce.com/templates/alistyle-html/js/bootstrap.bundle.min.js]
[bootstrap-ecommerce.com/templates/alistyle-html/images/logo3661.png]
[bootstrap-ecommerce.com/templates/alistyle-html/images/banners/slide13661.jpg]
[bootstrap-ecommerce.com/templates/alistyle-html/images/banners/slide23661.jpg]
[bootstrap-ecommerce.com/templates/alistyle-html/images/banners/slide33661.jpg]
[bootstrap-ecommerce.com/templates/alistyle-html/images/items/1.jpg]
[bootstrap-ecommerce.com/templates/alistyle-html/images/items/2.jpg]
[bootstrap-ecommerce.com/templates/alistyle-html/images/items/6.jpg]
[bootstrap-ecommerce.com/templates/alistyle-html/images/items/3.jpg]
[bootstrap-ecommerce.com/templates/alistyle-html/images/items/4.jpg]
[bootstrap-ecommerce.com/templates/alistyle-html/images/items/5.jpg]
[bootstrap-ecommerce.com/templates/alistyle-html/images/items/7.jpg]
[bootstrap-ecommerce.com/templates/alistyle-html/images/items/14.jpg]
[bootstrap-ecommerce.com/templates/alistyle-html/images/items/8.jpg]
[bootstrap-ecommerce.com/templates/alistyle-html/images/items/9.jpg]
[bootstrap-ecommerce.com/templates/alistyle-html/images/items/10.jpg]
[bootstrap-ecommerce.com/templates/alistyle-html/images/items/11.jpg]
[bootstrap-ecommerce.com/templates/alistyle-html/images/items/12.jpg]
[bootstrap-ecommerce.com/templates/alistyle-html/images/banners/banner9.jpg]
[bootstrap-ecommerce.com/templates/alistyle-html/images/posts/1.jpg]
[bootstrap-ecommerce.com/templates/alistyle-html/images/posts/2.jpg]
[bootstrap-ecommerce.com/templates/alistyle-html/images/posts/3.jpg]
[bootstrap-ecommerce.com/templates/alistyle-html/images/posts/4.jpg]
[bootstrap-ecommerce.com/templates/alistyle-html/images/icons/flags/CN.png]
[bootstrap-ecommerce.com/templates/alistyle-html/images/icons/flags/DE.png]
[bootstrap-ecommerce.com/templates/alistyle-html/images/icons/flags/AU.png]
[bootstrap-ecommerce.com/templates/alistyle-html/images/icons/flags/RU.png]
[bootstrap-ecommerce.com/templates/alistyle-html/images/icons/flags/IN.png]
[bootstrap-ecommerce.com/templates/alistyle-html/images/icons/flags/GB.png]
[bootstrap-ecommerce.com/templates/alistyle-html/images/icons/flags/TR.png]
[bootstrap-ecommerce.com/templates/alistyle-html/images/icons/flags/UZ.png]
[bootstrap-ecommerce.com/templates/alistyle-html/images/banners/ad-sm.png]
[bootstrap-ecommerce.com/templates/alistyle-html/page-index-1.html]
[bootstrap-ecommerce.com/templates/alistyle-html/css/bootstrap3661.css]
[bootstrap-ecommerce.com/templates/alistyle-html/fonts/fontawesome/webfonts/fa-brands-400.woff]
[bootstrap-ecommerce.com/templates/alistyle-html/fonts/fontawesome/webfonts/fa-brands-400.eot]
[bootstrap-ecommerce.com/templates/alistyle-html/fonts/fontawesome/webfonts/fa-brands-400d41d.eot]
[bootstrap-ecommerce.com/templates/alistyle-html/fonts/fontawesome/webfonts/fa-brands-400.ttf]
[bootstrap-ecommerce.com/templates/alistyle-html/fonts/fontawesome/webfonts/fa-regular-400.eot]
[bootstrap-ecommerce.com/templates/alistyle-html/fonts/fontawesome/webfonts/fa-regular-400.woff]
[bootstrap-ecommerce.com/templates/alistyle-html/fonts/fontawesome/webfonts/fa-regular-400d41d.eot]
[bootstrap-ecommerce.com/templates/alistyle-html/fonts/fontawesome/webfonts/fa-regular-400.ttf]
[bootstrap-ecommerce.com/templates/alistyle-html/fonts/fontawesome/webfonts/fa-solid-900.woff]
[bootstrap-ecommerce.com/templates/alistyle-html/fonts/fontawesome/webfonts/fa-solid-900.eot]
[bootstrap-ecommerce.com/templates/alistyle-html/fonts/fontawesome/webfonts/fa-solid-900.ttf]
[bootstrap-ecommerce.com/templates/alistyle-html/fonts/fontawesome/webfonts/fa-solid-900d41d.eot]
[bootstrap-ecommerce.com/templates/alistyle-html/fonts/fontawesome/css/all.min.css]
[rsms.me/inter/inter.css]
[bootstrap-ecommerce.com/templates/alistyle-html/css/ui3661.css]
[bootstrap-ecommerce.com/templates/alistyle-html/css/responsive3661.css]
[bootstrap-ecommerce.com/templates/alistyle-html/images/icons/flags/US.png]
[bootstrap-ecommerce.com/templates/alistyle-html/images/banners/slide-lg-3.jpg]
[bootstrap-ecommerce.com/templates/alistyle-html/images/banners/slide-lg-2.jpg]
[bootstrap-ecommerce.com/templates/alistyle-html/images/banners/banner4.jpg]
[bootstrap-ecommerce.com/templates/alistyle-html/images/banners/banner5.jpg]
[bootstrap-ecommerce.com/templates/alistyle-html/page-index-2.html]
[bootstrap-ecommerce.com/templates/alistyle-html/fonts/fontawesome/css/all.min3661.css]
[bootstrap-ecommerce.com/templates/alistyle-html/page-category.html]
[bootstrap-ecommerce.com/templates/alistyle-html/page-listing-large.html]
[bootstrap-ecommerce.com/templates/alistyle-html/images/items/15.jpg]
[bootstrap-ecommerce.com/templates/alistyle-html/page-listing-grid.html]
[bootstrap-ecommerce.com/templates/alistyle-html/images/misc/payments.png]
[bootstrap-ecommerce.com/templates/alistyle-html/page-shopping-cart.html]
[bootstrap-ecommerce.com/templates/alistyle-html/images/items/15-1.jpg]
[bootstrap-ecommerce.com/templates/alistyle-html/images/items/15-2.jpg]
[bootstrap-ecommerce.com/templates/alistyle-html/page-detail-product.html]
[bootstrap-ecommerce.com/templates/alistyle-html/page-content.html]
[bootstrap-ecommerce.com/templates/alistyle-html/page-user-login.html]
[bootstrap-ecommerce.com/templates/alistyle-html/page-user-register.html]
[bootstrap-ecommerce.com/templates/alistyle-html/images/avatars/avatar3.jpg]
[bootstrap-ecommerce.com/templates/alistyle-html/page-profile-main.html]
[bootstrap-ecommerce.com/templates/alistyle-html/page-profile-orders.html]
[bootstrap-ecommerce.com/templates/alistyle-html/page-profile-seller.html]
[bootstrap-ecommerce.com/templates/alistyle-html/page-profile-wishlist.html]
[bootstrap-ecommerce.com/templates/alistyle-html/images/avatars/avatar1.jpg]
[bootstrap-ecommerce.com/templates/alistyle-html/page-profile-setting.html]
[bootstrap-ecommerce.com/templates/alistyle-html/page-profile-address.html]
[bootstrap-ecommerce.com/templates/alistyle-html/css/bootstrap-rtl.css]
[bootstrap-ecommerce.com/templates/alistyle-html/images/logo.png]
[bootstrap-ecommerce.com/templates/alistyle-html/images/banners/slide1.jpg]
[bootstrap-ecommerce.com/templates/alistyle-html/images/banners/slide2.jpg]
[bootstrap-ecommerce.com/templates/alistyle-html/images/banners/slide3.jpg]
[bootstrap-ecommerce.com/templates/alistyle-html/rtl-page-index-1.html]
[bootstrap-ecommerce.com/templates/alistyle-html/css/bootstrap.css]
[bootstrap-ecommerce.com/templates/alistyle-html/css/ui.css]
[bootstrap-ecommerce.com/templates/alistyle-html/css/responsive.css]
[bootstrap-ecommerce.com/templates/alistyle-html/page-components.html]
[bootstrap-ecommerce.com/templates/alistyle-html/js/script.js]
[bootstrap-ecommerce.com/templates/alistyle-html/fonts/fontawesome/webfonts/fa-brands-400.html]
[bootstrap-ecommerce.com/templates/alistyle-html/fonts/fontawesome/webfonts/fa-brands-400.svg]
[bootstrap-ecommerce.com/templates/alistyle-html/fonts/fontawesome/webfonts/fa-regular-400.html]
[bootstrap-ecommerce.com/templates/alistyle-html/fonts/fontawesome/webfonts/fa-regular-400.svg]
[bootstrap-ecommerce.com/templates/alistyle-html/fonts/fontawesome/webfonts/fa-solid-900.html]
[bootstrap-ecommerce.com/templates/alistyle-html/fonts/fontawesome/webfonts/fa-solid-900.svg]
[rsms.me/inter/font-files/Inter-Thin57a3.woff2]
[rsms.me/inter/font-files/Inter-Thin57a3.woff]
[rsms.me/inter/font-files/Inter-ThinItalic57a3.woff2]
[rsms.me/inter/font-files/Inter-ThinItalic57a3.woff]
[rsms.me/inter/font-files/Inter-ExtraLight57a3.woff2]
[rsms.me/inter/font-files/Inter-ExtraLight57a3.woff]
[rsms.me/inter/font-files/Inter-ExtraLightItalic57a3.woff2]
[rsms.me/inter/font-files/Inter-ExtraLightItalic57a3.woff]
[rsms.me/inter/font-files/Inter-Light57a3.woff2]
[rsms.me/inter/font-files/Inter-Light57a3.woff]
[rsms.me/inter/font-files/Inter-LightItalic57a3.woff2]
[rsms.me/inter/font-files/Inter-LightItalic57a3.woff]
[rsms.me/inter/font-files/Inter-Regular57a3.woff2]
[rsms.me/inter/font-files/Inter-Regular57a3.woff]
[rsms.me/inter/font-files/Inter-Italic57a3.woff2]
[rsms.me/inter/font-files/Inter-Italic57a3.woff]
[rsms.me/inter/font-files/Inter-Medium57a3.woff2]
[rsms.me/inter/font-files/Inter-Medium57a3.woff]
[rsms.me/inter/font-files/Inter-MediumItalic57a3.woff2]
[rsms.me/inter/font-files/Inter-MediumItalic57a3.woff]
[rsms.me/inter/font-files/Inter-SemiBold57a3.woff2]
[rsms.me/inter/font-files/Inter-SemiBold57a3.woff]
[rsms.me/inter/font-files/Inter-SemiBoldItalic57a3.woff2]
[rsms.me/inter/font-files/Inter-SemiBoldItalic57a3.woff]
[rsms.me/inter/font-files/Inter-Bold57a3.woff2]
[rsms.me/inter/font-files/Inter-Bold57a3.woff]
[rsms.me/inter/font-files/Inter-BoldItalic57a3.woff2]
[rsms.me/inter/font-files/Inter-BoldItalic57a3.woff]
[rsms.me/inter/font-files/Inter-ExtraBold57a3.woff2]
[rsms.me/inter/font-files/Inter-ExtraBold57a3.woff]
[rsms.me/inter/font-files/Inter-ExtraBoldItalic57a3.woff2]
[rsms.me/inter/font-files/Inter-ExtraBoldItalic57a3.woff]
[rsms.me/inter/font-files/Inter-Black57a3.woff2]
[rsms.me/inter/font-files/Inter-Black57a3.woff]
[rsms.me/inter/font-files/Inter-BlackItalic57a3.woff2]
[rsms.me/inter/font-files/Inter-BlackItalic57a3.woff]
[rsms.me/inter/font-files/Inter-italic.extra.var57a3.woff2]
[rsms.me/inter/font-files/Inter-italic.alternates.var57a3.woff2]
[rsms.me/inter/font-files/Inter-italic.symbols.var57a3.woff2]
[rsms.me/inter/font-files/Inter-italic.cyrillic.var57a3.woff2]
[rsms.me/inter/font-files/Inter-italic.greek.var57a3.woff2]
[rsms.me/inter/font-files/Inter-italic.vietnamese.var57a3.woff2]
[rsms.me/inter/font-files/Inter-italic.latin-ext.var57a3.woff2]
[rsms.me/inter/font-files/Inter-italic.latin.var57a3.woff2]
[rsms.me/inter/font-files/Inter-roman.extra.var57a3.woff2]
[rsms.me/inter/font-files/Inter-roman.alternates.var57a3.woff2]
[rsms.me/inter/font-files/Inter-roman.symbols.var57a3.woff2]
[rsms.me/inter/font-files/Inter-roman.cyrillic.var57a3.woff2]
[rsms.me/inter/font-files/Inter-roman.greek.var57a3.woff2]
[rsms.me/inter/font-files/Inter-roman.vietnamese.var57a3.woff2]
[rsms.me/inter/font-files/Inter-roman.latin-ext.var57a3.woff2]
[rsms.me/inter/font-files/Inter-roman.latin.var57a3.woff2]
[rsms.me/inter/font-files/Inter.extra.var57a3.woff2]
[rsms.me/inter/font-files/Inter.alternates.var57a3.woff2]
[rsms.me/inter/font-files/Inter.symbols.var57a3.woff2]
[rsms.me/inter/font-files/Inter.cyrillic.var57a3.woff2]
[rsms.me/inter/font-files/Inter.greek.var57a3.woff2]
[rsms.me/inter/font-files/Inter.vietnamese.var57a3.woff2]
[rsms.me/inter/font-files/Inter.latin-ext.var57a3.woff2]
[rsms.me/inter/font-files/Inter.latin.var57a3.woff2]
[rsms.me/inter/font-files/Inter-roman.var57a3.woff2]
[rsms.me/inter/font-files/Inter-italic.var57a3.woff2]
[rsms.me/inter/inter.css]
[bootstrap-ecommerce.com/templates/alistyle-html/images/logo.svg]
[bootstrap-ecommerce.com/templates/alistyle-html/images/icons/stars-active.svg]
[bootstrap-ecommerce.com/templates/alistyle-html/images/icons/starts-disable.svg]
[bootstrap-ecommerce.com/templates/alistyle-html/fonts/fontawesome/css/all.min3661.css]
[bootstrap-ecommerce.com/templates/alistyle-html/css/bootstrap-rtl.css]
[bootstrap-ecommerce.com/templates/alistyle-html/css/bootstrap.css]
[bootstrap-ecommerce.com/templates/alistyle-html/css/ui.css]
[bootstrap-ecommerce.com/templates/alistyle-html/css/responsive.css]
[bootstrap-ecommerce.com/icons/blank.gif]
[bootstrap-ecommerce.com/icons/unknown.gif]
[bootstrap-ecommerce.com/icons/text.gif]
[bootstrap-ecommerce.com/templates/alistyle-html/_HTML-Components/index.html]
[bootstrap-ecommerce.com/templates/alistyle-html/_HTML-Components/indexc052.html]
[bootstrap-ecommerce.com/templates/alistyle-html/_HTML-Components/indexf8a0.html]
[bootstrap-ecommerce.com/templates/alistyle-html/_HTML-Components/indexbfec.html]
[bootstrap-ecommerce.com/templates/alistyle-html/_HTML-Components/index30b5.html]
[bootstrap-ecommerce.com/templates/alistyle-html/index.html]
[bootstrap-ecommerce.com/templates/alistyle-html/images/banners/banner1.jpg]
[bootstrap-ecommerce.com/templates/alistyle-html/images/banners/banner2.jpg]
[bootstrap-ecommerce.com/templates/alistyle-html/images/banners/banner3.jpg]
[bootstrap-ecommerce.com/templates/alistyle-html/images/banners/banner6.jpg]
[bootstrap-ecommerce.com/templates/alistyle-html/images/banners/banner7.jpg]
[bootstrap-ecommerce.com/templates/alistyle-html/images/banners/banner8.jpg]
[bootstrap-ecommerce.com/templates/alistyle-html/images/banners/banner-item1.jpg]
[bootstrap-ecommerce.com/templates/alistyle-html/images/banners/banner-item2.jpg]
[bootstrap-ecommerce.com/templates/alistyle-html/images/banners/banner-item3.jpg]
[bootstrap-ecommerce.com/templates/alistyle-html/_HTML-Components/_banners.html]
[bootstrap-ecommerce.com/templates/alistyle-html/_HTML-Components/_blank.html]
[bootstrap-ecommerce.com/templates/alistyle-html/_HTML-Components/_features.html]
[bootstrap-ecommerce.com/templates/alistyle-html/_HTML-Components/_filter.html]
[bootstrap-ecommerce.com/templates/alistyle-html/images/misc/appstore.png]
[bootstrap-ecommerce.com/templates/alistyle-html/images/misc/playmarket.png]
[bootstrap-ecommerce.com/templates/alistyle-html/_HTML-Components/_footer-1.html]
[bootstrap-ecommerce.com/templates/alistyle-html/_HTML-Components/_footer-2.html]
[bootstrap-ecommerce.com/templates/alistyle-html/_HTML-Components/_footer-3.html]
[bootstrap-ecommerce.com/templates/alistyle-html/_HTML-Components/_footer-4.html]
[bootstrap-ecommerce.com/templates/alistyle-html/images/avatars/avatar2.jpg]
[bootstrap-ecommerce.com/templates/alistyle-html/_HTML-Components/_forms.html]
[bootstrap-ecommerce.com/templates/alistyle-html/_HTML-Components/_header-1.html]
[bootstrap-ecommerce.com/templates/alistyle-html/_HTML-Components/_header-2.html]
[bootstrap-ecommerce.com/templates/alistyle-html/_HTML-Components/_header-3.html]
[bootstrap-ecommerce.com/templates/alistyle-html/_HTML-Components/_header-4.html]
[bootstrap-ecommerce.com/templates/alistyle-html/_HTML-Components/_icontext.html]
[bootstrap-ecommerce.com/templates/alistyle-html/_HTML-Components/_itemside.html]
[bootstrap-ecommerce.com/templates/alistyle-html/_HTML-Components/indexb70a.html]
[bootstrap-ecommerce.com/templates/alistyle-html/_HTML-Components/index72c9.html]
[bootstrap-ecommerce.com/templates/alistyle-html/_HTML-Components/index5851.html]
[bootstrap-ecommerce.com/templates/alistyle-html/_HTML-Components/indexad3f.html]
